<?xml version="1.0" encoding="UTF-8"?>
<testng-results ignored="0" total="1" passed="1" failed="0" skipped="0">
  <reporter-output>
  </reporter-output>
  <suite started-at="2023-05-21T15:49:09 BDT" name="Default suite" finished-at="2023-05-21T15:49:16 BDT" duration-ms="7350">
    <groups>
    </groups>
    <test started-at="2023-05-21T15:49:09 BDT" name="Default test" finished-at="2023-05-21T15:49:16 BDT" duration-ms="7350">
      <class name="com.RegistrationFormTest.StudentRegistrationFormTest">
        <test-method is-config="true" signature="init()[pri:0, instance:com.RegistrationFormTest.StudentRegistrationFormTest@f6efaab]" started-at="2023-05-21T15:49:09 BDT" name="init" finished-at="2023-05-21T15:49:15 BDT" duration-ms="6217" status="PASS">
          <reporter-output>
          </reporter-output>
        </test-method> <!-- init -->
        <test-method signature="Registration()[pri:0, instance:com.RegistrationFormTest.StudentRegistrationFormTest@f6efaab]" started-at="2023-05-21T15:49:15 BDT" name="Registration" finished-at="2023-05-21T15:49:16 BDT" duration-ms="860" status="PASS">
          <reporter-output>
          </reporter-output>
        </test-method> <!-- Registration -->
        <test-method is-config="true" signature="CloseApp()[pri:0, instance:com.RegistrationFormTest.StudentRegistrationFormTest@f6efaab]" started-at="2023-05-21T15:49:16 BDT" name="CloseApp" finished-at="2023-05-21T15:49:16 BDT" duration-ms="223" status="PASS">
          <reporter-output>
          </reporter-output>
        </test-method> <!-- CloseApp -->
      </class> <!-- com.RegistrationFormTest.StudentRegistrationFormTest -->
    </test> <!-- Default test -->
  </suite> <!-- Default suite -->
</testng-results>
